[0.011s] Invoking command in '/home/ams7725/yunjae/Gazebo/DROK_CK/build/drok_gazebo': CMAKE_PREFIX_PATH=${CMAKE_PREFIX_PATH}:/opt/ros/humble /usr/bin/cmake /home/ams7725/yunjae/Gazebo/DROK_CK/src/drok_gazebo -DCMAKE_INSTALL_PREFIX=/home/ams7725/yunjae/Gazebo/DROK_CK/install/drok_gazebo
[0.156s] -- The C compiler identification is GNU 11.4.0
[0.275s] -- The CXX compiler identification is GNU 11.4.0
[0.288s] -- Detecting C compiler ABI info
[0.359s] -- Detecting C compiler ABI info - done
[0.373s] -- Check for working C compiler: /usr/bin/cc - skipped
[0.374s] -- Detecting C compile features
[0.375s] -- Detecting C compile features - done
[0.381s] -- Detecting CXX compiler ABI info
[0.496s] -- Detecting CXX compiler ABI info - done
[0.505s] -- Check for working CXX compiler: /usr/bin/c++ - skipped
[0.505s] -- Detecting CXX compile features
[0.505s] -- Detecting CXX compile features - done
[0.511s] -- Found ament_cmake: 1.3.13 (/opt/ros/humble/share/ament_cmake/cmake)
[0.681s] -- Found Python3: /usr/bin/python3 (found version "3.10.12") found components: Interpreter 
[0.845s] -- Configuring done
[0.851s] -- Generating done
[0.854s] -- Build files have been written to: /home/ams7725/yunjae/Gazebo/DROK_CK/build/drok_gazebo
[0.860s] Invoked command in '/home/ams7725/yunjae/Gazebo/DROK_CK/build/drok_gazebo' returned '0': CMAKE_PREFIX_PATH=${CMAKE_PREFIX_PATH}:/opt/ros/humble /usr/bin/cmake /home/ams7725/yunjae/Gazebo/DROK_CK/src/drok_gazebo -DCMAKE_INSTALL_PREFIX=/home/ams7725/yunjae/Gazebo/DROK_CK/install/drok_gazebo
[0.863s] Invoking command in '/home/ams7725/yunjae/Gazebo/DROK_CK/build/drok_gazebo': CMAKE_PREFIX_PATH=${CMAKE_PREFIX_PATH}:/opt/ros/humble /usr/bin/cmake --build /home/ams7725/yunjae/Gazebo/DROK_CK/build/drok_gazebo -- -j16 -l16
[0.917s] Invoked command in '/home/ams7725/yunjae/Gazebo/DROK_CK/build/drok_gazebo' returned '0': CMAKE_PREFIX_PATH=${CMAKE_PREFIX_PATH}:/opt/ros/humble /usr/bin/cmake --build /home/ams7725/yunjae/Gazebo/DROK_CK/build/drok_gazebo -- -j16 -l16
[0.934s] Invoking command in '/home/ams7725/yunjae/Gazebo/DROK_CK/build/drok_gazebo': CMAKE_PREFIX_PATH=${CMAKE_PREFIX_PATH}:/opt/ros/humble /usr/bin/cmake --install /home/ams7725/yunjae/Gazebo/DROK_CK/build/drok_gazebo
[0.946s] -- Install configuration: ""
[0.946s] -- Installing: /home/ams7725/yunjae/Gazebo/DROK_CK/install/drok_gazebo/share/drok_gazebo/launch
[0.947s] -- Installing: /home/ams7725/yunjae/Gazebo/DROK_CK/install/drok_gazebo/share/drok_gazebo/launch/gazebo.launch.py
[0.947s] -- Installing: /home/ams7725/yunjae/Gazebo/DROK_CK/install/drok_gazebo/share/drok_gazebo/launch/display.launch
[0.947s] -- Installing: /home/ams7725/yunjae/Gazebo/DROK_CK/install/drok_gazebo/share/drok_gazebo/urdf
[0.947s] -- Installing: /home/ams7725/yunjae/Gazebo/DROK_CK/install/drok_gazebo/share/drok_gazebo/urdf/drok_gazebo.urdf
[0.948s] -- Installing: /home/ams7725/yunjae/Gazebo/DROK_CK/install/drok_gazebo/share/drok_gazebo/urdf/DROK CK.csv
[0.948s] -- Installing: /home/ams7725/yunjae/Gazebo/DROK_CK/install/drok_gazebo/share/drok_gazebo/meshes
[0.948s] -- Installing: /home/ams7725/yunjae/Gazebo/DROK_CK/install/drok_gazebo/share/drok_gazebo/meshes/BR.stl
[0.949s] -- Installing: /home/ams7725/yunjae/Gazebo/DROK_CK/install/drok_gazebo/share/drok_gazebo/meshes/BL.stl
[0.949s] -- Installing: /home/ams7725/yunjae/Gazebo/DROK_CK/install/drok_gazebo/share/drok_gazebo/meshes/FLF.stl
[0.956s] -- Installing: /home/ams7725/yunjae/Gazebo/DROK_CK/install/drok_gazebo/share/drok_gazebo/meshes/base_link.stl
[1.027s] -- Installing: /home/ams7725/yunjae/Gazebo/DROK_CK/install/drok_gazebo/share/drok_gazebo/meshes/FL.stl
[1.028s] -- Installing: /home/ams7725/yunjae/Gazebo/DROK_CK/install/drok_gazebo/share/drok_gazebo/meshes/BLF.stl
[1.034s] -- Installing: /home/ams7725/yunjae/Gazebo/DROK_CK/install/drok_gazebo/share/drok_gazebo/meshes/BRF.stl
[1.041s] -- Installing: /home/ams7725/yunjae/Gazebo/DROK_CK/install/drok_gazebo/share/drok_gazebo/meshes/FR.stl
[1.042s] -- Installing: /home/ams7725/yunjae/Gazebo/DROK_CK/install/drok_gazebo/share/drok_gazebo/meshes/FRF.stl
[1.048s] -- Installing: /home/ams7725/yunjae/Gazebo/DROK_CK/install/drok_gazebo/share/drok_gazebo/worlds
[1.049s] -- Installing: /home/ams7725/yunjae/Gazebo/DROK_CK/install/drok_gazebo/share/drok_gazebo/worlds/flipper_test.world
[1.049s] -- Installing: /home/ams7725/yunjae/Gazebo/DROK_CK/install/drok_gazebo/share/ament_index/resource_index/package_run_dependencies/drok_gazebo
[1.049s] -- Installing: /home/ams7725/yunjae/Gazebo/DROK_CK/install/drok_gazebo/share/ament_index/resource_index/parent_prefix_path/drok_gazebo
[1.049s] -- Installing: /home/ams7725/yunjae/Gazebo/DROK_CK/install/drok_gazebo/share/drok_gazebo/environment/ament_prefix_path.sh
[1.049s] -- Installing: /home/ams7725/yunjae/Gazebo/DROK_CK/install/drok_gazebo/share/drok_gazebo/environment/ament_prefix_path.dsv
[1.050s] -- Installing: /home/ams7725/yunjae/Gazebo/DROK_CK/install/drok_gazebo/share/drok_gazebo/environment/path.sh
[1.050s] -- Installing: /home/ams7725/yunjae/Gazebo/DROK_CK/install/drok_gazebo/share/drok_gazebo/environment/path.dsv
[1.050s] -- Installing: /home/ams7725/yunjae/Gazebo/DROK_CK/install/drok_gazebo/share/drok_gazebo/local_setup.bash
[1.050s] -- Installing: /home/ams7725/yunjae/Gazebo/DROK_CK/install/drok_gazebo/share/drok_gazebo/local_setup.sh
[1.050s] -- Installing: /home/ams7725/yunjae/Gazebo/DROK_CK/install/drok_gazebo/share/drok_gazebo/local_setup.zsh
[1.050s] -- Installing: /home/ams7725/yunjae/Gazebo/DROK_CK/install/drok_gazebo/share/drok_gazebo/local_setup.dsv
[1.050s] -- Installing: /home/ams7725/yunjae/Gazebo/DROK_CK/install/drok_gazebo/share/drok_gazebo/package.dsv
[1.051s] -- Installing: /home/ams7725/yunjae/Gazebo/DROK_CK/install/drok_gazebo/share/ament_index/resource_index/packages/drok_gazebo
[1.051s] -- Installing: /home/ams7725/yunjae/Gazebo/DROK_CK/install/drok_gazebo/share/drok_gazebo/cmake/drok_gazeboConfig.cmake
[1.051s] -- Installing: /home/ams7725/yunjae/Gazebo/DROK_CK/install/drok_gazebo/share/drok_gazebo/cmake/drok_gazeboConfig-version.cmake
[1.051s] -- Installing: /home/ams7725/yunjae/Gazebo/DROK_CK/install/drok_gazebo/share/drok_gazebo/package.xml
[1.054s] Invoked command in '/home/ams7725/yunjae/Gazebo/DROK_CK/build/drok_gazebo' returned '0': CMAKE_PREFIX_PATH=${CMAKE_PREFIX_PATH}:/opt/ros/humble /usr/bin/cmake --install /home/ams7725/yunjae/Gazebo/DROK_CK/build/drok_gazebo
