[0.011s] Invoking command in '/home/ams7725/yunjae/Gazebo/DROK_CK/build/drok_gazebo': CMAKE_PREFIX_PATH=${CMAKE_PREFIX_PATH}:/opt/ros/humble /usr/bin/cmake /home/ams7725/yunjae/Gazebo/DROK_CK/src/drok_gazebo -DCMAKE_INSTALL_PREFIX=/home/ams7725/yunjae/Gazebo/DROK_CK/install/drok_gazebo
[0.022s] -- Found ament_cmake: 1.3.13 (/opt/ros/humble/share/ament_cmake/cmake)
[0.146s] -- Override CMake install command with custom implementation using symlinks instead of copying resources
[0.226s] -- Configuring done
[0.231s] -- Generating done
[0.234s] -- Build files have been written to: /home/ams7725/yunjae/Gazebo/DROK_CK/build/drok_gazebo
[0.239s] Invoked command in '/home/ams7725/yunjae/Gazebo/DROK_CK/build/drok_gazebo' returned '0': CMAKE_PREFIX_PATH=${CMAKE_PREFIX_PATH}:/opt/ros/humble /usr/bin/cmake /home/ams7725/yunjae/Gazebo/DROK_CK/src/drok_gazebo -DCMAKE_INSTALL_PREFIX=/home/ams7725/yunjae/Gazebo/DROK_CK/install/drok_gazebo
[0.241s] Invoking command in '/home/ams7725/yunjae/Gazebo/DROK_CK/build/drok_gazebo': CMAKE_PREFIX_PATH=${CMAKE_PREFIX_PATH}:/opt/ros/humble /usr/bin/cmake --build /home/ams7725/yunjae/Gazebo/DROK_CK/build/drok_gazebo -- -j16 -l16
[0.294s] Invoked command in '/home/ams7725/yunjae/Gazebo/DROK_CK/build/drok_gazebo' returned '0': CMAKE_PREFIX_PATH=${CMAKE_PREFIX_PATH}:/opt/ros/humble /usr/bin/cmake --build /home/ams7725/yunjae/Gazebo/DROK_CK/build/drok_gazebo -- -j16 -l16
[0.306s] Invoking command in '/home/ams7725/yunjae/Gazebo/DROK_CK/build/drok_gazebo': CMAKE_PREFIX_PATH=${CMAKE_PREFIX_PATH}:/opt/ros/humble /usr/bin/cmake --install /home/ams7725/yunjae/Gazebo/DROK_CK/build/drok_gazebo
[0.320s] -- Install configuration: ""
[0.320s] -- Execute custom install script
[0.321s] -- Up-to-date symlink: /home/ams7725/yunjae/Gazebo/DROK_CK/install/drok_gazebo/share/drok_gazebo/launch/display.launch
[0.321s] -- Up-to-date symlink: /home/ams7725/yunjae/Gazebo/DROK_CK/install/drok_gazebo/share/drok_gazebo/launch/gazebo.launch.py
[0.322s] -- Up-to-date symlink: /home/ams7725/yunjae/Gazebo/DROK_CK/install/drok_gazebo/share/drok_gazebo/urdf/DROK CK.csv
[0.322s] -- Up-to-date symlink: /home/ams7725/yunjae/Gazebo/DROK_CK/install/drok_gazebo/share/drok_gazebo/urdf/drok_gazebo.urdf
[0.323s] -- Up-to-date symlink: /home/ams7725/yunjae/Gazebo/DROK_CK/install/drok_gazebo/share/drok_gazebo/meshes/BL.stl
[0.323s] -- Up-to-date symlink: /home/ams7725/yunjae/Gazebo/DROK_CK/install/drok_gazebo/share/drok_gazebo/meshes/BLF.stl
[0.323s] -- Up-to-date symlink: /home/ams7725/yunjae/Gazebo/DROK_CK/install/drok_gazebo/share/drok_gazebo/meshes/BR.stl
[0.324s] -- Up-to-date symlink: /home/ams7725/yunjae/Gazebo/DROK_CK/install/drok_gazebo/share/drok_gazebo/meshes/BRF.stl
[0.324s] -- Up-to-date symlink: /home/ams7725/yunjae/Gazebo/DROK_CK/install/drok_gazebo/share/drok_gazebo/meshes/FL.stl
[0.324s] -- Up-to-date symlink: /home/ams7725/yunjae/Gazebo/DROK_CK/install/drok_gazebo/share/drok_gazebo/meshes/FLF.stl
[0.324s] -- Up-to-date symlink: /home/ams7725/yunjae/Gazebo/DROK_CK/install/drok_gazebo/share/drok_gazebo/meshes/FR.stl
[0.324s] -- Up-to-date symlink: /home/ams7725/yunjae/Gazebo/DROK_CK/install/drok_gazebo/share/drok_gazebo/meshes/FRF.stl
[0.324s] -- Up-to-date symlink: /home/ams7725/yunjae/Gazebo/DROK_CK/install/drok_gazebo/share/drok_gazebo/meshes/base_link.stl
[0.325s] -- Up-to-date symlink: /home/ams7725/yunjae/Gazebo/DROK_CK/install/drok_gazebo/share/drok_gazebo/worlds/flipper_test.world
[0.325s] -- Up-to-date symlink: /home/ams7725/yunjae/Gazebo/DROK_CK/install/drok_gazebo/share/ament_index/resource_index/package_run_dependencies/drok_gazebo
[0.325s] -- Up-to-date symlink: /home/ams7725/yunjae/Gazebo/DROK_CK/install/drok_gazebo/share/ament_index/resource_index/parent_prefix_path/drok_gazebo
[0.326s] -- Up-to-date symlink: /home/ams7725/yunjae/Gazebo/DROK_CK/install/drok_gazebo/share/drok_gazebo/environment/ament_prefix_path.sh
[0.326s] -- Up-to-date symlink: /home/ams7725/yunjae/Gazebo/DROK_CK/install/drok_gazebo/share/drok_gazebo/environment/ament_prefix_path.dsv
[0.326s] -- Up-to-date symlink: /home/ams7725/yunjae/Gazebo/DROK_CK/install/drok_gazebo/share/drok_gazebo/environment/path.sh
[0.326s] -- Up-to-date symlink: /home/ams7725/yunjae/Gazebo/DROK_CK/install/drok_gazebo/share/drok_gazebo/environment/path.dsv
[0.326s] -- Up-to-date symlink: /home/ams7725/yunjae/Gazebo/DROK_CK/install/drok_gazebo/share/drok_gazebo/local_setup.bash
[0.326s] -- Up-to-date symlink: /home/ams7725/yunjae/Gazebo/DROK_CK/install/drok_gazebo/share/drok_gazebo/local_setup.sh
[0.327s] -- Up-to-date symlink: /home/ams7725/yunjae/Gazebo/DROK_CK/install/drok_gazebo/share/drok_gazebo/local_setup.zsh
[0.327s] -- Up-to-date symlink: /home/ams7725/yunjae/Gazebo/DROK_CK/install/drok_gazebo/share/drok_gazebo/local_setup.dsv
[0.327s] -- Symlinking: /home/ams7725/yunjae/Gazebo/DROK_CK/install/drok_gazebo/share/drok_gazebo/package.dsv
[0.342s] -- Up-to-date symlink: /home/ams7725/yunjae/Gazebo/DROK_CK/install/drok_gazebo/share/ament_index/resource_index/packages/drok_gazebo
[0.343s] -- Up-to-date symlink: /home/ams7725/yunjae/Gazebo/DROK_CK/install/drok_gazebo/share/drok_gazebo/cmake/drok_gazeboConfig.cmake
[0.343s] -- Up-to-date symlink: /home/ams7725/yunjae/Gazebo/DROK_CK/install/drok_gazebo/share/drok_gazebo/cmake/drok_gazeboConfig-version.cmake
[0.343s] -- Up-to-date symlink: /home/ams7725/yunjae/Gazebo/DROK_CK/install/drok_gazebo/share/drok_gazebo/package.xml
[0.345s] Invoked command in '/home/ams7725/yunjae/Gazebo/DROK_CK/build/drok_gazebo' returned '0': CMAKE_PREFIX_PATH=${CMAKE_PREFIX_PATH}:/opt/ros/humble /usr/bin/cmake --install /home/ams7725/yunjae/Gazebo/DROK_CK/build/drok_gazebo
