[0.011s] Invoking command in '/home/ams7725/yunjae/Gazebo/DROK_CK/build/drok_gazebo': CMAKE_PREFIX_PATH=${CMAKE_PREFIX_PATH}:/opt/ros/humble /usr/bin/cmake --build /home/ams7725/yunjae/Gazebo/DROK_CK/build/drok_gazebo -- -j16 -l16
[0.057s] Invoked command in '/home/ams7725/yunjae/Gazebo/DROK_CK/build/drok_gazebo' returned '0': CMAKE_PREFIX_PATH=${CMAKE_PREFIX_PATH}:/opt/ros/humble /usr/bin/cmake --build /home/ams7725/yunjae/Gazebo/DROK_CK/build/drok_gazebo -- -j16 -l16
[0.072s] Invoking command in '/home/ams7725/yunjae/Gazebo/DROK_CK/build/drok_gazebo': CMAKE_PREFIX_PATH=${CMAKE_PREFIX_PATH}:/opt/ros/humble /usr/bin/cmake --install /home/ams7725/yunjae/Gazebo/DROK_CK/build/drok_gazebo
[0.084s] -- Install configuration: ""
[0.085s] -- Execute custom install script
[0.086s] -- Up-to-date symlink: /home/ams7725/yunjae/Gazebo/DROK_CK/install/drok_gazebo/share/drok_gazebo/launch/display.launch
[0.086s] -- Up-to-date symlink: /home/ams7725/yunjae/Gazebo/DROK_CK/install/drok_gazebo/share/drok_gazebo/launch/gazebo.launch.py
[0.087s] -- Up-to-date symlink: /home/ams7725/yunjae/Gazebo/DROK_CK/install/drok_gazebo/share/drok_gazebo/urdf/DROK CK.csv
[0.087s] -- Up-to-date symlink: /home/ams7725/yunjae/Gazebo/DROK_CK/install/drok_gazebo/share/drok_gazebo/urdf/drok_gazebo.urdf
[0.087s] -- Up-to-date symlink: /home/ams7725/yunjae/Gazebo/DROK_CK/install/drok_gazebo/share/drok_gazebo/meshes/BL.stl
[0.088s] -- Up-to-date symlink: /home/ams7725/yunjae/Gazebo/DROK_CK/install/drok_gazebo/share/drok_gazebo/meshes/BLF.stl
[0.088s] -- Up-to-date symlink: /home/ams7725/yunjae/Gazebo/DROK_CK/install/drok_gazebo/share/drok_gazebo/meshes/BR.stl
[0.088s] -- Up-to-date symlink: /home/ams7725/yunjae/Gazebo/DROK_CK/install/drok_gazebo/share/drok_gazebo/meshes/BRF.stl
[0.088s] -- Up-to-date symlink: /home/ams7725/yunjae/Gazebo/DROK_CK/install/drok_gazebo/share/drok_gazebo/meshes/FL.stl
[0.088s] -- Up-to-date symlink: /home/ams7725/yunjae/Gazebo/DROK_CK/install/drok_gazebo/share/drok_gazebo/meshes/FLF.stl
[0.089s] -- Up-to-date symlink: /home/ams7725/yunjae/Gazebo/DROK_CK/install/drok_gazebo/share/drok_gazebo/meshes/FR.stl
[0.089s] -- Up-to-date symlink: /home/ams7725/yunjae/Gazebo/DROK_CK/install/drok_gazebo/share/drok_gazebo/meshes/FRF.stl
[0.089s] -- Up-to-date symlink: /home/ams7725/yunjae/Gazebo/DROK_CK/install/drok_gazebo/share/drok_gazebo/meshes/base_link.stl
[0.089s] -- Up-to-date symlink: /home/ams7725/yunjae/Gazebo/DROK_CK/install/drok_gazebo/share/drok_gazebo/worlds/flipper_test.world
[0.089s] -- Up-to-date symlink: /home/ams7725/yunjae/Gazebo/DROK_CK/install/drok_gazebo/share/ament_index/resource_index/package_run_dependencies/drok_gazebo
[0.090s] -- Up-to-date symlink: /home/ams7725/yunjae/Gazebo/DROK_CK/install/drok_gazebo/share/ament_index/resource_index/parent_prefix_path/drok_gazebo
[0.090s] -- Up-to-date symlink: /home/ams7725/yunjae/Gazebo/DROK_CK/install/drok_gazebo/share/drok_gazebo/environment/ament_prefix_path.sh
[0.090s] -- Up-to-date symlink: /home/ams7725/yunjae/Gazebo/DROK_CK/install/drok_gazebo/share/drok_gazebo/environment/ament_prefix_path.dsv
[0.090s] -- Up-to-date symlink: /home/ams7725/yunjae/Gazebo/DROK_CK/install/drok_gazebo/share/drok_gazebo/environment/path.sh
[0.091s] -- Up-to-date symlink: /home/ams7725/yunjae/Gazebo/DROK_CK/install/drok_gazebo/share/drok_gazebo/environment/path.dsv
[0.091s] -- Up-to-date symlink: /home/ams7725/yunjae/Gazebo/DROK_CK/install/drok_gazebo/share/drok_gazebo/local_setup.bash
[0.091s] -- Up-to-date symlink: /home/ams7725/yunjae/Gazebo/DROK_CK/install/drok_gazebo/share/drok_gazebo/local_setup.sh
[0.091s] -- Up-to-date symlink: /home/ams7725/yunjae/Gazebo/DROK_CK/install/drok_gazebo/share/drok_gazebo/local_setup.zsh
[0.091s] -- Up-to-date symlink: /home/ams7725/yunjae/Gazebo/DROK_CK/install/drok_gazebo/share/drok_gazebo/local_setup.dsv
[0.092s] -- Symlinking: /home/ams7725/yunjae/Gazebo/DROK_CK/install/drok_gazebo/share/drok_gazebo/package.dsv
[0.103s] -- Up-to-date symlink: /home/ams7725/yunjae/Gazebo/DROK_CK/install/drok_gazebo/share/ament_index/resource_index/packages/drok_gazebo
[0.103s] -- Up-to-date symlink: /home/ams7725/yunjae/Gazebo/DROK_CK/install/drok_gazebo/share/drok_gazebo/cmake/drok_gazeboConfig.cmake
[0.103s] -- Up-to-date symlink: /home/ams7725/yunjae/Gazebo/DROK_CK/install/drok_gazebo/share/drok_gazebo/cmake/drok_gazeboConfig-version.cmake
[0.104s] -- Up-to-date symlink: /home/ams7725/yunjae/Gazebo/DROK_CK/install/drok_gazebo/share/drok_gazebo/package.xml
[0.106s] Invoked command in '/home/ams7725/yunjae/Gazebo/DROK_CK/build/drok_gazebo' returned '0': CMAKE_PREFIX_PATH=${CMAKE_PREFIX_PATH}:/opt/ros/humble /usr/bin/cmake --install /home/ams7725/yunjae/Gazebo/DROK_CK/build/drok_gazebo
