-- Install configuration: ""
-- Up-to-date: /home/ams7725/yunjae/Gazebo/DROK_CK/install/drok_gazebo/share/drok_gazebo/config
-- Up-to-date: /home/ams7725/yunjae/Gazebo/DROK_CK/install/drok_gazebo/share/drok_gazebo/config/joint_names_DROK CK.yaml
-- Up-to-date: /home/ams7725/yunjae/Gazebo/DROK_CK/install/drok_gazebo/share/drok_gazebo/launch
-- Installing: /home/ams7725/yunjae/Gazebo/DROK_CK/install/drok_gazebo/share/drok_gazebo/launch/gazebo.launch.py
-- Up-to-date: /home/ams7725/yunjae/Gazebo/DROK_CK/install/drok_gazebo/share/drok_gazebo/launch/display.launch
-- Up-to-date: /home/ams7725/yunjae/Gazebo/DROK_CK/install/drok_gazebo/share/drok_gazebo/meshes
-- Up-to-date: /home/ams7725/yunjae/Gazebo/DROK_CK/install/drok_gazebo/share/drok_gazebo/meshes/BR.stl
-- Up-to-date: /home/ams7725/yunjae/Gazebo/DROK_CK/install/drok_gazebo/share/drok_gazebo/meshes/BL.stl
-- Up-to-date: /home/ams7725/yunjae/Gazebo/DROK_CK/install/drok_gazebo/share/drok_gazebo/meshes/FLF.stl
-- Up-to-date: /home/ams7725/yunjae/Gazebo/DROK_CK/install/drok_gazebo/share/drok_gazebo/meshes/base_link.stl
-- Up-to-date: /home/ams7725/yunjae/Gazebo/DROK_CK/install/drok_gazebo/share/drok_gazebo/meshes/FL.stl
-- Up-to-date: /home/ams7725/yunjae/Gazebo/DROK_CK/install/drok_gazebo/share/drok_gazebo/meshes/BLF.stl
-- Up-to-date: /home/ams7725/yunjae/Gazebo/DROK_CK/install/drok_gazebo/share/drok_gazebo/meshes/BRF.stl
-- Up-to-date: /home/ams7725/yunjae/Gazebo/DROK_CK/install/drok_gazebo/share/drok_gazebo/meshes/FR.stl
-- Up-to-date: /home/ams7725/yunjae/Gazebo/DROK_CK/install/drok_gazebo/share/drok_gazebo/meshes/FRF.stl
-- Up-to-date: /home/ams7725/yunjae/Gazebo/DROK_CK/install/drok_gazebo/share/drok_gazebo/urdf
-- Up-to-date: /home/ams7725/yunjae/Gazebo/DROK_CK/install/drok_gazebo/share/drok_gazebo/urdf/drok_gazebo.urdf
-- Up-to-date: /home/ams7725/yunjae/Gazebo/DROK_CK/install/drok_gazebo/share/drok_gazebo/urdf/DROK CK.csv
-- Up-to-date: /home/ams7725/yunjae/Gazebo/DROK_CK/install/drok_gazebo/share/ament_index/resource_index/package_run_dependencies/drok_gazebo
-- Up-to-date: /home/ams7725/yunjae/Gazebo/DROK_CK/install/drok_gazebo/share/ament_index/resource_index/parent_prefix_path/drok_gazebo
-- Up-to-date: /home/ams7725/yunjae/Gazebo/DROK_CK/install/drok_gazebo/share/drok_gazebo/environment/ament_prefix_path.sh
-- Up-to-date: /home/ams7725/yunjae/Gazebo/DROK_CK/install/drok_gazebo/share/drok_gazebo/environment/ament_prefix_path.dsv
-- Up-to-date: /home/ams7725/yunjae/Gazebo/DROK_CK/install/drok_gazebo/share/drok_gazebo/environment/path.sh
-- Up-to-date: /home/ams7725/yunjae/Gazebo/DROK_CK/install/drok_gazebo/share/drok_gazebo/environment/path.dsv
-- Up-to-date: /home/ams7725/yunjae/Gazebo/DROK_CK/install/drok_gazebo/share/drok_gazebo/local_setup.bash
-- Up-to-date: /home/ams7725/yunjae/Gazebo/DROK_CK/install/drok_gazebo/share/drok_gazebo/local_setup.sh
-- Up-to-date: /home/ams7725/yunjae/Gazebo/DROK_CK/install/drok_gazebo/share/drok_gazebo/local_setup.zsh
-- Up-to-date: /home/ams7725/yunjae/Gazebo/DROK_CK/install/drok_gazebo/share/drok_gazebo/local_setup.dsv
-- Installing: /home/ams7725/yunjae/Gazebo/DROK_CK/install/drok_gazebo/share/drok_gazebo/package.dsv
-- Up-to-date: /home/ams7725/yunjae/Gazebo/DROK_CK/install/drok_gazebo/share/ament_index/resource_index/packages/drok_gazebo
-- Up-to-date: /home/ams7725/yunjae/Gazebo/DROK_CK/install/drok_gazebo/share/drok_gazebo/cmake/drok_gazeboConfig.cmake
-- Up-to-date: /home/ams7725/yunjae/Gazebo/DROK_CK/install/drok_gazebo/share/drok_gazebo/cmake/drok_gazeboConfig-version.cmake
-- Up-to-date: /home/ams7725/yunjae/Gazebo/DROK_CK/install/drok_gazebo/share/drok_gazebo/package.xml
