[0.116s] DEBUG:colcon:Command line arguments: ['/usr/bin/colcon', 'build']
[0.116s] DEBUG:colcon:Parsed command line arguments: Namespace(log_base=None, log_level=None, verb_name='build', build_base='build', install_base='install', merge_install=False, symlink_install=False, test_result_base=None, continue_on_error=False, executor='parallel', parallel_workers=16, event_handlers=None, ignore_user_meta=False, metas=['./colcon.meta'], base_paths=['.'], packages_ignore=None, packages_ignore_regex=None, paths=None, packages_up_to=None, packages_up_to_regex=None, packages_above=None, packages_above_and_dependencies=None, packages_above_depth=None, packages_select_by_dep=None, packages_skip_by_dep=None, packages_skip_up_to=None, packages_select_build_failed=False, packages_skip_build_finished=False, packages_select_test_failures=False, packages_skip_test_passed=False, packages_select=None, packages_skip=None, packages_select_regex=None, packages_skip_regex=None, packages_start=None, packages_end=None, allow_overriding=[], cmake_args=None, cmake_target=None, cmake_target_skip_unavailable=False, cmake_clean_cache=False, cmake_clean_first=False, cmake_force_configure=False, ament_cmake_args=None, catkin_cmake_args=None, catkin_skip_building_tests=False, mixin_files=None, mixin=None, verb_parser=<colcon_mixin.mixin.mixin_argument.MixinArgumentDecorator object at 0x7842eed5a2c0>, verb_extension=<colcon_core.verb.build.BuildVerb object at 0x7842eed59d50>, main=<bound method BuildVerb.main of <colcon_core.verb.build.BuildVerb object at 0x7842eed59d50>>, mixin_verb=('build',))
[0.345s] Level 1:colcon.colcon_core.package_discovery:discover_packages(colcon_meta) check parameters
[0.345s] Level 1:colcon.colcon_core.package_discovery:discover_packages(recursive) check parameters
[0.345s] Level 1:colcon.colcon_core.package_discovery:discover_packages(ignore) check parameters
[0.345s] Level 1:colcon.colcon_core.package_discovery:discover_packages(path) check parameters
[0.345s] Level 1:colcon.colcon_core.package_discovery:discover_packages(colcon_meta) discover
[0.345s] Level 1:colcon.colcon_core.package_discovery:discover_packages(recursive) discover
[0.345s] INFO:colcon.colcon_core.package_discovery:Crawling recursively for packages in '/home/ams7725/yunjae/Gazebo/DROK_CK'
[0.346s] Level 1:colcon.colcon_core.package_identification:_identify(.) by extensions ['ignore', 'ignore_ament_install']
[0.346s] Level 1:colcon.colcon_core.package_identification:_identify(.) by extension 'ignore'
[0.346s] Level 1:colcon.colcon_core.package_identification:_identify(.) by extension 'ignore_ament_install'
[0.346s] Level 1:colcon.colcon_core.package_identification:_identify(.) by extensions ['colcon_pkg']
[0.346s] Level 1:colcon.colcon_core.package_identification:_identify(.) by extension 'colcon_pkg'
[0.346s] Level 1:colcon.colcon_core.package_identification:_identify(.) by extensions ['colcon_meta']
[0.346s] Level 1:colcon.colcon_core.package_identification:_identify(.) by extension 'colcon_meta'
[0.346s] Level 1:colcon.colcon_core.package_identification:_identify(.) by extensions ['ros']
[0.346s] Level 1:colcon.colcon_core.package_identification:_identify(.) by extension 'ros'
[0.355s] Level 1:colcon.colcon_core.package_identification:_identify(.) by extensions ['cmake', 'python']
[0.355s] Level 1:colcon.colcon_core.package_identification:_identify(.) by extension 'cmake'
[0.355s] Level 1:colcon.colcon_core.package_identification:_identify(.) by extension 'python'
[0.356s] Level 1:colcon.colcon_core.package_identification:_identify(.) by extensions ['python_setup_py']
[0.356s] Level 1:colcon.colcon_core.package_identification:_identify(.) by extension 'python_setup_py'
[0.356s] Level 1:colcon.colcon_core.package_identification:_identify(build) by extensions ['ignore', 'ignore_ament_install']
[0.356s] Level 1:colcon.colcon_core.package_identification:_identify(build) by extension 'ignore'
[0.356s] Level 1:colcon.colcon_core.package_identification:_identify(build) ignored
[0.356s] Level 1:colcon.colcon_core.package_identification:_identify(install) by extensions ['ignore', 'ignore_ament_install']
[0.356s] Level 1:colcon.colcon_core.package_identification:_identify(install) by extension 'ignore'
[0.356s] Level 1:colcon.colcon_core.package_identification:_identify(install) ignored
[0.356s] Level 1:colcon.colcon_core.package_identification:_identify(log) by extensions ['ignore', 'ignore_ament_install']
[0.356s] Level 1:colcon.colcon_core.package_identification:_identify(log) by extension 'ignore'
[0.356s] Level 1:colcon.colcon_core.package_identification:_identify(log) ignored
[0.356s] Level 1:colcon.colcon_core.package_identification:_identify(src) by extensions ['ignore', 'ignore_ament_install']
[0.356s] Level 1:colcon.colcon_core.package_identification:_identify(src) by extension 'ignore'
[0.356s] Level 1:colcon.colcon_core.package_identification:_identify(src) by extension 'ignore_ament_install'
[0.356s] Level 1:colcon.colcon_core.package_identification:_identify(src) by extensions ['colcon_pkg']
[0.356s] Level 1:colcon.colcon_core.package_identification:_identify(src) by extension 'colcon_pkg'
[0.356s] Level 1:colcon.colcon_core.package_identification:_identify(src) by extensions ['colcon_meta']
[0.356s] Level 1:colcon.colcon_core.package_identification:_identify(src) by extension 'colcon_meta'
[0.357s] Level 1:colcon.colcon_core.package_identification:_identify(src) by extensions ['ros']
[0.357s] Level 1:colcon.colcon_core.package_identification:_identify(src) by extension 'ros'
[0.357s] Level 1:colcon.colcon_core.package_identification:_identify(src) by extensions ['cmake', 'python']
[0.357s] Level 1:colcon.colcon_core.package_identification:_identify(src) by extension 'cmake'
[0.357s] Level 1:colcon.colcon_core.package_identification:_identify(src) by extension 'python'
[0.357s] Level 1:colcon.colcon_core.package_identification:_identify(src) by extensions ['python_setup_py']
[0.357s] Level 1:colcon.colcon_core.package_identification:_identify(src) by extension 'python_setup_py'
[0.357s] Level 1:colcon.colcon_core.package_identification:_identify(src/drok_gazebo) by extensions ['ignore', 'ignore_ament_install']
[0.357s] Level 1:colcon.colcon_core.package_identification:_identify(src/drok_gazebo) by extension 'ignore'
[0.357s] Level 1:colcon.colcon_core.package_identification:_identify(src/drok_gazebo) by extension 'ignore_ament_install'
[0.357s] Level 1:colcon.colcon_core.package_identification:_identify(src/drok_gazebo) by extensions ['colcon_pkg']
[0.357s] Level 1:colcon.colcon_core.package_identification:_identify(src/drok_gazebo) by extension 'colcon_pkg'
[0.357s] Level 1:colcon.colcon_core.package_identification:_identify(src/drok_gazebo) by extensions ['colcon_meta']
[0.357s] Level 1:colcon.colcon_core.package_identification:_identify(src/drok_gazebo) by extension 'colcon_meta'
[0.357s] Level 1:colcon.colcon_core.package_identification:_identify(src/drok_gazebo) by extensions ['ros']
[0.357s] Level 1:colcon.colcon_core.package_identification:_identify(src/drok_gazebo) by extension 'ros'
[0.359s] DEBUG:colcon.colcon_core.package_identification:Package 'src/drok_gazebo' with type 'ros.ament_cmake' and name 'drok_gazebo'
[0.359s] Level 1:colcon.colcon_core.package_discovery:discover_packages(recursive) using defaults
[0.360s] Level 1:colcon.colcon_core.package_discovery:discover_packages(ignore) discover
[0.360s] Level 1:colcon.colcon_core.package_discovery:discover_packages(ignore) using defaults
[0.360s] Level 1:colcon.colcon_core.package_discovery:discover_packages(path) discover
[0.360s] Level 1:colcon.colcon_core.package_discovery:discover_packages(path) using defaults
[0.390s] Level 1:colcon.colcon_core.package_discovery:discover_packages(prefix_path) check parameters
[0.390s] Level 1:colcon.colcon_core.package_discovery:discover_packages(prefix_path) discover
[0.392s] WARNING:colcon.colcon_ros.prefix_path.ament:The path '/home/ams7725/yunjae/Gazebo/DROK_CK/install/drok_gazebo' in the environment variable AMENT_PREFIX_PATH doesn't exist
[0.392s] WARNING:colcon.colcon_ros.prefix_path.catkin:The path '/home/ams7725/yunjae/Gazebo/DROK_CK/install/drok_gazebo' in the environment variable CMAKE_PREFIX_PATH doesn't exist
[0.393s] DEBUG:colcon.colcon_installed_package_information.package_discovery:Found 0 installed packages in /home/ams7725/yunjae/Gazebo/DROK_CK/install
[0.393s] DEBUG:colcon.colcon_installed_package_information.package_discovery:Found 1 installed packages in /home/ams7725/yunjae/ros2_ws/install
[0.395s] DEBUG:colcon.colcon_installed_package_information.package_discovery:Found 342 installed packages in /opt/ros/humble
[0.397s] Level 1:colcon.colcon_core.package_discovery:discover_packages(prefix_path) using defaults
[0.438s] Level 5:colcon.colcon_core.verb:set package 'drok_gazebo' build argument 'cmake_args' from command line to 'None'
[0.439s] Level 5:colcon.colcon_core.verb:set package 'drok_gazebo' build argument 'cmake_target' from command line to 'None'
[0.439s] Level 5:colcon.colcon_core.verb:set package 'drok_gazebo' build argument 'cmake_target_skip_unavailable' from command line to 'False'
[0.439s] Level 5:colcon.colcon_core.verb:set package 'drok_gazebo' build argument 'cmake_clean_cache' from command line to 'False'
[0.439s] Level 5:colcon.colcon_core.verb:set package 'drok_gazebo' build argument 'cmake_clean_first' from command line to 'False'
[0.439s] Level 5:colcon.colcon_core.verb:set package 'drok_gazebo' build argument 'cmake_force_configure' from command line to 'False'
[0.439s] Level 5:colcon.colcon_core.verb:set package 'drok_gazebo' build argument 'ament_cmake_args' from command line to 'None'
[0.439s] Level 5:colcon.colcon_core.verb:set package 'drok_gazebo' build argument 'catkin_cmake_args' from command line to 'None'
[0.439s] Level 5:colcon.colcon_core.verb:set package 'drok_gazebo' build argument 'catkin_skip_building_tests' from command line to 'False'
[0.439s] DEBUG:colcon.colcon_core.verb:Building package 'drok_gazebo' with the following arguments: {'ament_cmake_args': None, 'build_base': '/home/ams7725/yunjae/Gazebo/DROK_CK/build/drok_gazebo', 'catkin_cmake_args': None, 'catkin_skip_building_tests': False, 'cmake_args': None, 'cmake_clean_cache': False, 'cmake_clean_first': False, 'cmake_force_configure': False, 'cmake_target': None, 'cmake_target_skip_unavailable': False, 'install_base': '/home/ams7725/yunjae/Gazebo/DROK_CK/install/drok_gazebo', 'merge_install': False, 'path': '/home/ams7725/yunjae/Gazebo/DROK_CK/src/drok_gazebo', 'symlink_install': False, 'test_result_base': None}
[0.439s] INFO:colcon.colcon_core.executor:Executing jobs using 'parallel' executor
[0.440s] DEBUG:colcon.colcon_parallel_executor.executor.parallel:run_until_complete
[0.440s] INFO:colcon.colcon_ros.task.ament_cmake.build:Building ROS package in '/home/ams7725/yunjae/Gazebo/DROK_CK/src/drok_gazebo' with build type 'ament_cmake'
[0.440s] INFO:colcon.colcon_cmake.task.cmake.build:Building CMake package in '/home/ams7725/yunjae/Gazebo/DROK_CK/src/drok_gazebo'
[0.444s] INFO:colcon.colcon_core.plugin_system:Skipping extension 'colcon_core.shell.bat': Not used on non-Windows systems
[0.444s] INFO:colcon.colcon_core.shell:Skip shell extension 'powershell' for command environment: Not usable outside of PowerShell
[0.444s] DEBUG:colcon.colcon_core.shell:Skip shell extension 'dsv' for command environment
[0.452s] DEBUG:colcon.colcon_core.event_handler.log_command:Invoking command in '/home/ams7725/yunjae/Gazebo/DROK_CK/build/drok_gazebo': CMAKE_PREFIX_PATH=${CMAKE_PREFIX_PATH}:/opt/ros/humble /usr/bin/cmake /home/ams7725/yunjae/Gazebo/DROK_CK/src/drok_gazebo -DCMAKE_INSTALL_PREFIX=/home/ams7725/yunjae/Gazebo/DROK_CK/install/drok_gazebo
[1.301s] DEBUG:colcon.colcon_core.event_handler.log_command:Invoked command in '/home/ams7725/yunjae/Gazebo/DROK_CK/build/drok_gazebo' returned '0': CMAKE_PREFIX_PATH=${CMAKE_PREFIX_PATH}:/opt/ros/humble /usr/bin/cmake /home/ams7725/yunjae/Gazebo/DROK_CK/src/drok_gazebo -DCMAKE_INSTALL_PREFIX=/home/ams7725/yunjae/Gazebo/DROK_CK/install/drok_gazebo
[1.303s] DEBUG:colcon.colcon_core.event_handler.log_command:Invoking command in '/home/ams7725/yunjae/Gazebo/DROK_CK/build/drok_gazebo': CMAKE_PREFIX_PATH=${CMAKE_PREFIX_PATH}:/opt/ros/humble /usr/bin/cmake --build /home/ams7725/yunjae/Gazebo/DROK_CK/build/drok_gazebo -- -j16 -l16
[1.358s] DEBUG:colcon.colcon_core.event_handler.log_command:Invoked command in '/home/ams7725/yunjae/Gazebo/DROK_CK/build/drok_gazebo' returned '0': CMAKE_PREFIX_PATH=${CMAKE_PREFIX_PATH}:/opt/ros/humble /usr/bin/cmake --build /home/ams7725/yunjae/Gazebo/DROK_CK/build/drok_gazebo -- -j16 -l16
[1.375s] DEBUG:colcon.colcon_core.event_handler.log_command:Invoking command in '/home/ams7725/yunjae/Gazebo/DROK_CK/build/drok_gazebo': CMAKE_PREFIX_PATH=${CMAKE_PREFIX_PATH}:/opt/ros/humble /usr/bin/cmake --install /home/ams7725/yunjae/Gazebo/DROK_CK/build/drok_gazebo
[1.494s] Level 1:colcon.colcon_core.environment:create_environment_scripts_only(drok_gazebo)
[1.494s] DEBUG:colcon.colcon_core.event_handler.log_command:Invoked command in '/home/ams7725/yunjae/Gazebo/DROK_CK/build/drok_gazebo' returned '0': CMAKE_PREFIX_PATH=${CMAKE_PREFIX_PATH}:/opt/ros/humble /usr/bin/cmake --install /home/ams7725/yunjae/Gazebo/DROK_CK/build/drok_gazebo
[1.500s] Level 1:colcon.colcon_core.environment:checking '/home/ams7725/yunjae/Gazebo/DROK_CK/install/drok_gazebo' for CMake module files
[1.501s] Level 1:colcon.colcon_core.environment:checking '/home/ams7725/yunjae/Gazebo/DROK_CK/install/drok_gazebo' for CMake config files
[1.501s] Level 1:colcon.colcon_core.shell:create_environment_hook('drok_gazebo', 'cmake_prefix_path')
[1.501s] INFO:colcon.colcon_core.shell:Creating environment hook '/home/ams7725/yunjae/Gazebo/DROK_CK/install/drok_gazebo/share/drok_gazebo/hook/cmake_prefix_path.ps1'
[1.502s] INFO:colcon.colcon_core.shell:Creating environment descriptor '/home/ams7725/yunjae/Gazebo/DROK_CK/install/drok_gazebo/share/drok_gazebo/hook/cmake_prefix_path.dsv'
[1.502s] INFO:colcon.colcon_core.shell:Creating environment hook '/home/ams7725/yunjae/Gazebo/DROK_CK/install/drok_gazebo/share/drok_gazebo/hook/cmake_prefix_path.sh'
[1.503s] Level 1:colcon.colcon_core.environment:checking '/home/ams7725/yunjae/Gazebo/DROK_CK/install/drok_gazebo/bin'
[1.503s] Level 1:colcon.colcon_core.environment:checking '/home/ams7725/yunjae/Gazebo/DROK_CK/install/drok_gazebo/lib/pkgconfig/drok_gazebo.pc'
[1.503s] Level 1:colcon.colcon_core.environment:checking '/home/ams7725/yunjae/Gazebo/DROK_CK/install/drok_gazebo/lib/python3.10/site-packages'
[1.503s] Level 1:colcon.colcon_core.environment:checking '/home/ams7725/yunjae/Gazebo/DROK_CK/install/drok_gazebo/bin'
[1.504s] INFO:colcon.colcon_core.shell:Creating package script '/home/ams7725/yunjae/Gazebo/DROK_CK/install/drok_gazebo/share/drok_gazebo/package.ps1'
[1.504s] INFO:colcon.colcon_core.shell:Creating package descriptor '/home/ams7725/yunjae/Gazebo/DROK_CK/install/drok_gazebo/share/drok_gazebo/package.dsv'
[1.505s] INFO:colcon.colcon_core.shell:Creating package script '/home/ams7725/yunjae/Gazebo/DROK_CK/install/drok_gazebo/share/drok_gazebo/package.sh'
[1.506s] INFO:colcon.colcon_core.shell:Creating package script '/home/ams7725/yunjae/Gazebo/DROK_CK/install/drok_gazebo/share/drok_gazebo/package.bash'
[1.506s] INFO:colcon.colcon_core.shell:Creating package script '/home/ams7725/yunjae/Gazebo/DROK_CK/install/drok_gazebo/share/drok_gazebo/package.zsh'
[1.507s] Level 1:colcon.colcon_core.environment:create_file_with_runtime_dependencies(/home/ams7725/yunjae/Gazebo/DROK_CK/install/drok_gazebo/share/colcon-core/packages/drok_gazebo)
[1.508s] Level 1:colcon.colcon_core.environment:create_environment_scripts_only(drok_gazebo)
[1.508s] Level 1:colcon.colcon_core.environment:checking '/home/ams7725/yunjae/Gazebo/DROK_CK/install/drok_gazebo' for CMake module files
[1.508s] Level 1:colcon.colcon_core.environment:checking '/home/ams7725/yunjae/Gazebo/DROK_CK/install/drok_gazebo' for CMake config files
[1.509s] Level 1:colcon.colcon_core.shell:create_environment_hook('drok_gazebo', 'cmake_prefix_path')
[1.509s] INFO:colcon.colcon_core.shell:Creating environment hook '/home/ams7725/yunjae/Gazebo/DROK_CK/install/drok_gazebo/share/drok_gazebo/hook/cmake_prefix_path.ps1'
[1.509s] INFO:colcon.colcon_core.shell:Creating environment descriptor '/home/ams7725/yunjae/Gazebo/DROK_CK/install/drok_gazebo/share/drok_gazebo/hook/cmake_prefix_path.dsv'
[1.509s] INFO:colcon.colcon_core.shell:Creating environment hook '/home/ams7725/yunjae/Gazebo/DROK_CK/install/drok_gazebo/share/drok_gazebo/hook/cmake_prefix_path.sh'
[1.510s] Level 1:colcon.colcon_core.environment:checking '/home/ams7725/yunjae/Gazebo/DROK_CK/install/drok_gazebo/bin'
[1.510s] Level 1:colcon.colcon_core.environment:checking '/home/ams7725/yunjae/Gazebo/DROK_CK/install/drok_gazebo/lib/pkgconfig/drok_gazebo.pc'
[1.510s] Level 1:colcon.colcon_core.environment:checking '/home/ams7725/yunjae/Gazebo/DROK_CK/install/drok_gazebo/lib/python3.10/site-packages'
[1.510s] Level 1:colcon.colcon_core.environment:checking '/home/ams7725/yunjae/Gazebo/DROK_CK/install/drok_gazebo/bin'
[1.511s] INFO:colcon.colcon_core.shell:Creating package script '/home/ams7725/yunjae/Gazebo/DROK_CK/install/drok_gazebo/share/drok_gazebo/package.ps1'
[1.511s] INFO:colcon.colcon_core.shell:Creating package descriptor '/home/ams7725/yunjae/Gazebo/DROK_CK/install/drok_gazebo/share/drok_gazebo/package.dsv'
[1.511s] INFO:colcon.colcon_core.shell:Creating package script '/home/ams7725/yunjae/Gazebo/DROK_CK/install/drok_gazebo/share/drok_gazebo/package.sh'
[1.512s] INFO:colcon.colcon_core.shell:Creating package script '/home/ams7725/yunjae/Gazebo/DROK_CK/install/drok_gazebo/share/drok_gazebo/package.bash'
[1.512s] INFO:colcon.colcon_core.shell:Creating package script '/home/ams7725/yunjae/Gazebo/DROK_CK/install/drok_gazebo/share/drok_gazebo/package.zsh'
[1.512s] Level 1:colcon.colcon_core.environment:create_file_with_runtime_dependencies(/home/ams7725/yunjae/Gazebo/DROK_CK/install/drok_gazebo/share/colcon-core/packages/drok_gazebo)
[1.512s] DEBUG:colcon.colcon_parallel_executor.executor.parallel:closing loop
[1.513s] DEBUG:colcon.colcon_parallel_executor.executor.parallel:loop closed
[1.513s] DEBUG:colcon.colcon_parallel_executor.executor.parallel:run_until_complete finished with '0'
[1.513s] DEBUG:colcon.colcon_core.event_reactor:joining thread
[1.522s] INFO:colcon.colcon_core.plugin_system:Skipping extension 'colcon_notification.desktop_notification.terminal_notifier': Not used on non-Darwin systems
[1.522s] INFO:colcon.colcon_core.plugin_system:Skipping extension 'colcon_notification.desktop_notification.win32': Not used on non-Windows systems
[1.522s] INFO:colcon.colcon_notification.desktop_notification:Sending desktop notification using 'notify2'
[1.537s] DEBUG:colcon.colcon_core.event_reactor:joined thread
[1.537s] INFO:colcon.colcon_core.shell:Creating prefix script '/home/ams7725/yunjae/Gazebo/DROK_CK/install/local_setup.ps1'
[1.538s] INFO:colcon.colcon_core.shell:Creating prefix util module '/home/ams7725/yunjae/Gazebo/DROK_CK/install/_local_setup_util_ps1.py'
[1.541s] INFO:colcon.colcon_core.shell:Creating prefix chain script '/home/ams7725/yunjae/Gazebo/DROK_CK/install/setup.ps1'
[1.543s] INFO:colcon.colcon_core.shell:Creating prefix script '/home/ams7725/yunjae/Gazebo/DROK_CK/install/local_setup.sh'
[1.544s] INFO:colcon.colcon_core.shell:Creating prefix util module '/home/ams7725/yunjae/Gazebo/DROK_CK/install/_local_setup_util_sh.py'
[1.545s] INFO:colcon.colcon_core.shell:Creating prefix chain script '/home/ams7725/yunjae/Gazebo/DROK_CK/install/setup.sh'
[1.546s] INFO:colcon.colcon_core.shell:Creating prefix script '/home/ams7725/yunjae/Gazebo/DROK_CK/install/local_setup.bash'
[1.547s] INFO:colcon.colcon_core.shell:Creating prefix chain script '/home/ams7725/yunjae/Gazebo/DROK_CK/install/setup.bash'
[1.549s] INFO:colcon.colcon_core.shell:Creating prefix script '/home/ams7725/yunjae/Gazebo/DROK_CK/install/local_setup.zsh'
[1.550s] INFO:colcon.colcon_core.shell:Creating prefix chain script '/home/ams7725/yunjae/Gazebo/DROK_CK/install/setup.zsh'
